// 重构日志: 8f610003
// 重构日志: cea69f40
// 重构日志: ded4d5b6
// 重构日志: a714092d
// 同步 ID: 5152e1cf @ Mon Jul 13 14:11:09 UTC 2026
// 重构日志: d58a2e1c
// 重构日志: 8a996dc8
// 重构日志: e4ed4614
// 重构日志: 50a65da7
// 同步 ID: 5e80275c @ Tue Jul 14 17:20:31 UTC 2026
// 重构日志: 734dd514
// 重构日志: 26365a66
// 重构日志: 92ce3bbb
// 重构日志: 7d5eae65
// 重构日志: fab8ebc1
// 同步 ID: 5f2f934c @ Thu Jul 16 07:55:08 UTC 2026
// 重构日志: c9dbc693
// 同步 ID: 0e8ce84e @ Sat Jul 18 05:10:52 UTC 2026
// 重构日志: 7a91b529
// 重构日志: fc7a41aa
// 同步 ID: d9655e19 @ Mon Jul 20 17:31:56 UTC 2026
// 重构日志: d2eaea46
// 重构日志: 6d2a4192
// 同步 ID: ec88dbba @ Tue Jul 21 12:15:26 UTC 2026
// 重构日志: b4c507bf
// 重构日志: 5490eeb4
// 重构日志: 9aa8f220
// 重构日志: f6c9faed
// 重构日志: 90458df3
// 同步 ID: 04bc99d5 @ Thu Jul 23 14:05:38 UTC 2026
